<?xml version="1.0" encoding="UTF-8"?><testrun name="TestRunner" project="MavenDemo" tests="1" started="1" failures="0" errors="1" ignored="0">
  <testsuite name="com.qa.runner.TestRunner" time="27.638">
    <testsuite name="Feature: Borrowing Calculator validation" time="27.638">
      <testcase name="Validate Borrowing Calculator Test" classname="Borrowing Calculator validation" time="27.638">
        <error>java.lang.RuntimeException: java.lang.IllegalAccessException: Can not set static final org.openqa.selenium.WebElement field com.crm.qa.base.TestBase.String to com.sun.proxy.$Proxy14&#13;
	at org.openqa.selenium.support.PageFactory.proxyFields(PageFactory.java:119)&#13;
	at org.openqa.selenium.support.PageFactory.initElements(PageFactory.java:105)&#13;
	at org.openqa.selenium.support.PageFactory.initElements(PageFactory.java:92)&#13;
	at org.openqa.selenium.support.PageFactory.initElements(PageFactory.java:79)&#13;
	at com.crm.qa.pages.LoginPage.&lt;init&gt;(LoginPage.java:55)&#13;
	at com.qa.stepDefinitions.LoginPageSteps.user_enters_all_the_details(LoginPageSteps.java:38)&#13;
	at âœ½.User enters all the details(file:calculator.feature:6)&#13;
Caused by: java.lang.IllegalAccessException: Can not set static final org.openqa.selenium.WebElement field com.crm.qa.base.TestBase.String to com.sun.proxy.$Proxy14&#13;
	at sun.reflect.UnsafeFieldAccessorImpl.throwFinalFieldIllegalAccessException(Unknown Source)&#13;
	at sun.reflect.UnsafeFieldAccessorImpl.throwFinalFieldIllegalAccessException(Unknown Source)&#13;
	at sun.reflect.UnsafeQualifiedStaticObjectFieldAccessorImpl.set(Unknown Source)&#13;
	at java.lang.reflect.Field.set(Unknown Source)&#13;
	at org.openqa.selenium.support.PageFactory.proxyFields(PageFactory.java:117)&#13;
	at org.openqa.selenium.support.PageFactory.initElements(PageFactory.java:105)&#13;
	at org.openqa.selenium.support.PageFactory.initElements(PageFactory.java:92)&#13;
	at org.openqa.selenium.support.PageFactory.initElements(PageFactory.java:79)&#13;
	at com.crm.qa.pages.LoginPage.&lt;init&gt;(LoginPage.java:55)&#13;
	at com.qa.stepDefinitions.LoginPageSteps.user_enters_all_the_details(LoginPageSteps.java:38)&#13;
	at sun.reflect.NativeMethodAccessorImpl.invoke0(Native Method)&#13;
	at sun.reflect.NativeMethodAccessorImpl.invoke(Unknown Source)&#13;
	at sun.reflect.DelegatingMethodAccessorImpl.invoke(Unknown Source)&#13;
	at java.lang.reflect.Method.invoke(Unknown Source)&#13;
	at cucumber.runtime.Utils$1.call(Utils.java:26)&#13;
	at cucumber.runtime.Timeout.timeout(Timeout.java:16)&#13;
	at cucumber.runtime.Utils.invoke(Utils.java:20)&#13;
	at cucumber.runtime.java.JavaStepDefinition.execute(JavaStepDefinition.java:57)&#13;
	at cucumber.runner.PickleStepDefinitionMatch.runStep(PickleStepDefinitionMatch.java:50)&#13;
	at cucumber.runner.TestStep.executeStep(TestStep.java:65)&#13;
	at cucumber.runner.TestStep.run(TestStep.java:50)&#13;
	at cucumber.runner.PickleStepTestStep.run(PickleStepTestStep.java:43)&#13;
	at cucumber.runner.TestCase.run(TestCase.java:46)&#13;
	at cucumber.runner.Runner.runPickle(Runner.java:50)&#13;
	at cucumber.runtime.junit.PickleRunners$NoStepDescriptions.run(PickleRunners.java:146)&#13;
	at cucumber.runtime.junit.FeatureRunner.runChild(FeatureRunner.java:68)&#13;
	at cucumber.runtime.junit.FeatureRunner.runChild(FeatureRunner.java:23)&#13;
	at org.junit.runners.ParentRunner$3.run(ParentRunner.java:290)&#13;
	at org.junit.runners.ParentRunner$1.schedule(ParentRunner.java:71)&#13;
	at org.junit.runners.ParentRunner.runChildren(ParentRunner.java:288)&#13;
	at org.junit.runners.ParentRunner.access$000(ParentRunner.java:58)&#13;
	at org.junit.runners.ParentRunner$2.evaluate(ParentRunner.java:268)&#13;
	at org.junit.runners.ParentRunner.run(ParentRunner.java:363)&#13;
	at cucumber.runtime.junit.FeatureRunner.run(FeatureRunner.java:73)&#13;
	at cucumber.api.junit.Cucumber.runChild(Cucumber.java:126)&#13;
	at cucumber.api.junit.Cucumber.runChild(Cucumber.java:66)&#13;
	at org.junit.runners.ParentRunner$3.run(ParentRunner.java:290)&#13;
	at org.junit.runners.ParentRunner$1.schedule(ParentRunner.java:71)&#13;
	at org.junit.runners.ParentRunner.runChildren(ParentRunner.java:288)&#13;
	at org.junit.runners.ParentRunner.access$000(ParentRunner.java:58)&#13;
	at org.junit.runners.ParentRunner$2.evaluate(ParentRunner.java:268)&#13;
	at cucumber.api.junit.Cucumber$RunCucumber.evaluate(Cucumber.java:156)&#13;
	at org.junit.runners.ParentRunner.run(ParentRunner.java:363)&#13;
	at org.eclipse.jdt.internal.junit4.runner.JUnit4TestReference.run(JUnit4TestReference.java:86)&#13;
	at org.eclipse.jdt.internal.junit.runner.TestExecution.run(TestExecution.java:38)&#13;
	at org.eclipse.jdt.internal.junit.runner.RemoteTestRunner.runTests(RemoteTestRunner.java:459)&#13;
	at org.eclipse.jdt.internal.junit.runner.RemoteTestRunner.runTests(RemoteTestRunner.java:678)&#13;
	at org.eclipse.jdt.internal.junit.runner.RemoteTestRunner.run(RemoteTestRunner.java:382)&#13;
	at org.eclipse.jdt.internal.junit.runner.RemoteTestRunner.main(RemoteTestRunner.java:192)&#13;
&#13;
</error>
      </testcase>
    </testsuite>
  </testsuite>
</testrun>
