<?xml version="1.0" encoding="UTF-8"?><testrun name="TestRunner" project="MavenDemo" tests="1" started="1" failures="0" errors="1" ignored="0">
  <testsuite name="com.qa.runner.TestRunner" time="0.016">
    <testsuite name="Feature: Borrowing Calculator validation" time="0.016">
      <testcase name="Validate Borrowing Calculator Test" classname="Borrowing Calculator validation" time="0.016">
        <error>java.lang.IllegalStateException: The driver executable does not exist: E:\ANZ\MavenDemo\null\Drivers\chromedriver.exe&#13;
	at com.google.common.base.Preconditions.checkState(Preconditions.java:585)&#13;
	at org.openqa.selenium.remote.service.DriverService.checkExecutable(DriverService.java:146)&#13;
	at org.openqa.selenium.remote.service.DriverService.findExecutable(DriverService.java:141)&#13;
	at org.openqa.selenium.chrome.ChromeDriverService.access$000(ChromeDriverService.java:35)&#13;
	at org.openqa.selenium.chrome.ChromeDriverService$Builder.findDefaultExecutable(ChromeDriverService.java:159)&#13;
	at org.openqa.selenium.remote.service.DriverService$Builder.build(DriverService.java:355)&#13;
	at org.openqa.selenium.chrome.ChromeDriverService.createDefaultService(ChromeDriverService.java:94)&#13;
	at org.openqa.selenium.chrome.ChromeDriver.&lt;init&gt;(ChromeDriver.java:123)&#13;
	at com.crm.qa.base.TestBase.initialization(TestBase.java:58)&#13;
	at com.qa.stepDefinitions.LoginPageSteps.user_launches_given_URL(LoginPageSteps.java:32)&#13;
	at âœ½.User launches given URL(file:Features/calculator.feature:5)&#13;
&#13;
</error>
      </testcase>
    </testsuite>
  </testsuite>
</testrun>
